<?xml version="1.0" encoding="UTF-8"?>
<testsuite xmlns:xsi="http://www.w3.org/2001/XMLSchema-instance" xsi:noNamespaceSchemaLocation="https://maven.apache.org/surefire/maven-surefire-plugin/xsd/surefire-test-report-3.0.xsd" version="3.0" name="com.rabbitmq.amqpclient.AmqpClientApplicationTests" time="1.329" tests="1" errors="0" skipped="0" failures="0">
  <properties>
[...]
</properties>
  <testcase name="contextLoads" classname="com.rabbitmq.amqpclient.AmqpClientApplicationTests" time="0.419">
    <system-out><![CDATA[01:52:34.123 [main] INFO org.springframework.test.context.support.AnnotationConfigContextLoaderUtils -- Could not detect default configuration classes for test class [com.rabbitmq.amqpclient.AmqpClientApplicationTests]: AmqpClientApplicationTests does not declare any static, non-private, non-final, nested classes annotated with @Configuration.
01:52:34.170 [main] INFO org.springframework.boot.test.context.SpringBootTestContextBootstrapper -- Found @SpringBootConfiguration com.rabbitmq.amqpclient.AmqpClientApplication for test class com.rabbitmq.amqpclient.AmqpClientApplicationTests

  .   ____          _            __ _ _
 /\\ / ___'_ __ _ _(_)_ __  __ _ \ \ \ \
( ( )\___ | '_ | '_| | '_ \/ _` | \ \ \ \
 \\/  ___)| |_)| | | | | || (_| |  ) ) ) )
  '  |____| .__|_| |_|_| |_\__, | / / / /
 =========|_|==============|___/=/_/_/_/
 :: Spring Boot ::                (v3.1.5)

2023-10-22T01:52:34.338+02:00  INFO 60005 --- [           main] c.r.a.AmqpClientApplicationTests         : Starting AmqpClientApplicationTests using Java 17.0.8 with PID 60005 (started by sunnloth in /Users/sunnloth/Desktop/Master Pu/DAT250/Assignment 7/amqp-client)
2023-10-22T01:52:34.339+02:00  INFO 60005 --- [           main] c.r.a.AmqpClientApplicationTests         : No active profile set, falling back to 1 default profile: "default"
2023-10-22T01:52:34.946+02:00  INFO 60005 --- [           main] c.r.a.AmqpClientApplicationTests         : Started AmqpClientApplicationTests in 0.714 seconds (process running for 1.158)
]]></system-out>
  </testcase>
</testsuite>